# JRE version: Java(TM) SE Runtime Environment (8.0_31-b13) (build 1.8.0_31-b13)
# Java VM: Java HotSpot(TM) 64-Bit Server VM (25.31-b07 mixed mode bsd-amd64 compressed oops)
Heap:
 PSYoungGen      total 263168K, used 79302K [0x000000076ab00000, 0x000000077af00000, 0x00000007c0000000)
  eden space 261632K, 29% used [0x000000076ab00000,0x000000076f6f1b68,0x000000077aa80000)
  from space 1536K, 99% used [0x000000077ac80000,0x000000077adffd18,0x000000077ae00000)
  to   space 2048K, 0% used [0x000000077aa80000,0x000000077aa80000,0x000000077ac80000)
 ParOldGen       total 175104K, used 384K [0x00000006c0000000, 0x00000006cab00000, 0x000000076ab00000)
  object space 175104K, 0% used [0x00000006c0000000,0x00000006c0060328,0x00000006cab00000)
 Metaspace       used 4750K, capacity 5408K, committed 5760K, reserved 1056768K
  class space    used 517K, capacity 528K, committed 640K, reserved 1048576K
GC Heap History (10 events):
Event: 0.515 GC heap before
{Heap before GC invocations=2 (full 0):
 PSYoungGen      total 76288K, used 66232K [0x000000076ab00000, 0x0000000770000000, 0x00000007c0000000)
  eden space 65536K, 99% used [0x000000076ab00000,0x000000076eac4ae0,0x000000076eb00000)
  from space 10752K, 8% used [0x000000076eb00000,0x000000076ebe9550,0x000000076f580000)
  to   space 10752K, 0% used [0x000000076f580000,0x000000076f580000,0x0000000770000000)
 ParOldGen       total 175104K, used 8K [0x00000006c0000000, 0x00000006cab00000, 0x000000076ab00000)
  object space 175104K, 0% used [0x00000006c0000000,0x00000006c0002000,0x00000006cab00000)
 Metaspace       used 3465K, capacity 4498K, committed 4864K, reserved 1056768K
  class space    used 372K, capacity 386K, committed 512K, reserved 1048576K
Event: 0.516 GC heap after
Heap after GC invocations=2 (full 0):
 PSYoungGen      total 76288K, used 977K [0x000000076ab00000, 0x0000000774000000, 0x00000007c0000000)
  eden space 65536K, 0% used [0x000000076ab00000,0x000000076ab00000,0x000000076eb00000)
  from space 10752K, 9% used [0x000000076f580000,0x000000076f674470,0x0000000770000000)
  to   space 10752K, 0% used [0x000000076eb00000,0x000000076eb00000,0x000000076f580000)
 ParOldGen       total 175104K, used 16K [0x00000006c0000000, 0x00000006cab00000, 0x000000076ab00000)
  object space 175104K, 0% used [0x00000006c0000000,0x00000006c0004000,0x00000006cab00000)
 Metaspace       used 3465K, capacity 4498K, committed 4864K, reserved 1056768K
  class space    used 372K, capacity 386K, committed 512K, reserved 1048576K
}
Event: 0.530 GC heap before
{Heap before GC invocations=3 (full 0):
 PSYoungGen      total 76288K, used 66368K [0x000000076ab00000, 0x0000000774000000, 0x00000007c0000000)
  eden space 65536K, 99% used [0x000000076ab00000,0x000000076eadbee8,0x000000076eb00000)
  from space 10752K, 9% used [0x000000076f580000,0x000000076f674470,0x0000000770000000)
  to   space 10752K, 0% used [0x000000076eb00000,0x000000076eb00000,0x000000076f580000)
 ParOldGen       total 175104K, used 16K [0x00000006c0000000, 0x00000006cab00000, 0x000000076ab00000)
  object space 175104K, 0% used [0x00000006c0000000,0x00000006c0004000,0x00000006cab00000)
 Metaspace       used 3465K, capacity 4498K, committed 4864K, reserved 1056768K
  class space    used 372K, capacity 386K, committed 512K, reserved 1048576K
Event: 0.531 GC heap after
Heap after GC invocations=3 (full 0):
 PSYoungGen      total 76288K, used 855K [0x000000076ab00000, 0x0000000774000000, 0x00000007c0000000)
  eden space 65536K, 0% used [0x000000076ab00000,0x000000076ab00000,0x000000076eb00000)
  from space 10752K, 7% used [0x000000076eb00000,0x000000076ebd5d68,0x000000076f580000)
  to   space 10752K, 0% used [0x0000000773580000,0x0000000773580000,0x0000000774000000)
 ParOldGen       total 175104K, used 24K [0x00000006c0000000, 0x00000006cab00000, 0x000000076ab00000)
  object space 175104K, 0% used [0x00000006c0000000,0x00000006c0006000,0x00000006cab00000)
 Metaspace       used 3465K, capacity 4498K, committed 4864K, reserved 1056768K
  class space    used 372K, capacity 386K, committed 512K, reserved 1048576K
}
Event: 0.555 GC heap before
{Heap before GC invocations=4 (full 0):
 PSYoungGen      total 76288K, used 66233K [0x000000076ab00000, 0x0000000774000000, 0x00000007c0000000)
  eden space 65536K, 99% used [0x000000076ab00000,0x000000076ead8990,0x000000076eb00000)
  from space 10752K, 7% used [0x000000076eb00000,0x000000076ebd5d68,0x000000076f580000)
  to   space 10752K, 0% used [0x0000000773580000,0x0000000773580000,0x0000000774000000)
 ParOldGen       total 175104K, used 24K [0x00000006c0000000, 0x00000006cab00000, 0x000000076ab00000)
  object space 175104K, 0% used [0x00000006c0000000,0x00000006c0006000,0x00000006cab00000)
 Metaspace       used 3465K, capacity 4498K, committed 4864K, reserved 1056768K
  class space    used 372K, capacity 386K, committed 512K, reserved 1048576K
Event: 0.556 GC heap after
Heap after GC invocations=4 (full 0):
 PSYoungGen      total 141824K, used 1009K [0x000000076ab00000, 0x0000000774000000, 0x00000007c0000000)
  eden space 131072K, 0% used [0x000000076ab00000,0x000000076ab00000,0x0000000772b00000)
  from space 10752K, 9% used [0x0000000773580000,0x000000077367c770,0x0000000774000000)
  to   space 10752K, 0% used [0x0000000772b00000,0x0000000772b00000,0x0000000773580000)
 ParOldGen       total 175104K, used 24K [0x00000006c0000000, 0x00000006cab00000, 0x000000076ab00000)
  object space 175104K, 0% used [0x00000006c0000000,0x00000006c0006000,0x00000006cab00000)
 Metaspace       used 3465K, capacity 4498K, committed 4864K, reserved 1056768K
  class space    used 372K, capacity 386K, committed 512K, reserved 1048576K
}
Event: 0.602 GC heap before
{Heap before GC invocations=5 (full 0):
 PSYoungGen      total 141824K, used 131947K [0x000000076ab00000, 0x0000000774000000, 0x00000007c0000000)
  eden space 131072K, 99% used [0x000000076ab00000,0x0000000772ade4b8,0x0000000772b00000)
  from space 10752K, 9% used [0x0000000773580000,0x000000077367c770,0x0000000774000000)
  to   space 10752K, 0% used [0x0000000772b00000,0x0000000772b00000,0x0000000773580000)
 ParOldGen       total 175104K, used 24K [0x00000006c0000000, 0x00000006cab00000, 0x000000076ab00000)
  object space 175104K, 0% used [0x00000006c0000000,0x00000006c0006000,0x00000006cab00000)
 Metaspace       used 3465K, capacity 4498K, committed 4864K, reserved 1056768K
  class space    used 372K, capacity 386K, committed 512K, reserved 1048576K
Event: 0.603 GC heap after
Heap after GC invocations=5 (full 0):
 PSYoungGen      total 141824K, used 1149K [0x000000076ab00000, 0x000000077ae00000, 0x00000007c0000000)
  eden space 131072K, 0% used [0x000000076ab00000,0x000000076ab00000,0x0000000772b00000)
  from space 10752K, 10% used [0x0000000772b00000,0x0000000772c1f650,0x0000000773580000)
  to   space 1536K, 0% used [0x000000077ac80000,0x000000077ac80000,0x000000077ae00000)
 ParOldGen       total 175104K, used 24K [0x00000006c0000000, 0x00000006cab00000, 0x000000076ab00000)
  object space 175104K, 0% used [0x00000006c0000000,0x00000006c0006000,0x00000006cab00000)
 Metaspace       used 3465K, capacity 4498K, committed 4864K, reserved 1056768K
  class space    used 372K, capacity 386K, committed 512K, reserved 1048576K
}
Event: 0.893 GC heap before
{Heap before GC invocations=6 (full 0):
 PSYoungGen      total 141824K, used 132221K [0x000000076ab00000, 0x000000077ae00000, 0x00000007c0000000)
  eden space 131072K, 100% used [0x000000076ab00000,0x0000000772b00000,0x0000000772b00000)
  from space 10752K, 10% used [0x0000000772b00000,0x0000000772c1f650,0x0000000773580000)
  to   space 1536K, 0% used [0x000000077ac80000,0x000000077ac80000,0x000000077ae00000)
 ParOldGen       total 175104K, used 24K [0x00000006c0000000, 0x00000006cab00000, 0x000000076ab00000)
  object space 175104K, 0% used [0x00000006c0000000,0x00000006c0006000,0x00000006cab00000)
 Metaspace       used 4639K, capacity 5344K, committed 5504K, reserved 1056768K
  class space    used 504K, capacity 528K, committed 640K, reserved 1048576K
Event: 0.896 GC heap after
Heap after GC invocations=6 (full 0):
 PSYoungGen      total 263168K, used 1535K [0x000000076ab00000, 0x000000077af00000, 0x00000007c0000000)
  eden space 261632K, 0% used [0x000000076ab00000,0x000000076ab00000,0x000000077aa80000)
  from space 1536K, 99% used [0x000000077ac80000,0x000000077adffd18,0x000000077ae00000)
  to   space 2048K, 0% used [0x000000077aa80000,0x000000077aa80000,0x000000077ac80000)
 ParOldGen       total 175104K, used 384K [0x00000006c0000000, 0x00000006cab00000, 0x000000076ab00000)
  object space 175104K, 0% used [0x00000006c0000000,0x00000006c0060328,0x00000006cab00000)
 Metaspace       used 4639K, capacity 5344K, committed 5504K, reserved 1056768K
  class space    used 504K, capacity 528K, committed 640K, reserved 1048576K
}

